<?xml version="1.0" encoding="utf-8"?><testsuites name="pytest tests"><testsuite name="pytest" errors="0" failures="1" skipped="0" tests="15" time="4.771" timestamp="2026-06-27T18:02:28.375794+00:00" hostname="agent-env-f5afe187-6cfb-4694-aa88-f8d1eab06226"><testcase classname="tests.test_agencies_and_edit.TestAgencies" name="test_agence_role_cannot_list_agencies" time="0.993" /><testcase classname="tests.test_agencies_and_edit.TestEditShipment" name="test_client_can_edit_when_status_demande_creee" time="1.040" /><testcase classname="tests.test_agencies_and_edit.TestAgencies" name="test_agent_cannot_list_agencies" time="0.563" /><testcase classname="tests.test_agencies_and_edit.TestEditShipment" name="test_staff_can_edit_anytime_even_in_transit" time="0.815" /><testcase classname="tests.test_agencies_and_edit.TestAgencies" name="test_admin_can_list_agencies" time="0.368" /><testcase classname="tests.test_agencies_and_edit.TestEditShipment" name="test_client_cannot_edit_when_status_advanced" time="0.031" /><testcase classname="tests.test_agencies_and_edit.TestEditShipment" name="test_other_client_cannot_edit" time="0.600" /><testcase classname="tests.test_agencies_and_edit.TestAgencies" name="test_admin_can_create_agency_and_returned_password_works" time="0.852" /><testcase classname="tests.test_agencies_and_edit.TestEditShipment" name="test_edit_unknown_shipment_404" time="0.222" /><testcase classname="tests.test_agencies_and_edit.TestStaffShipmentCreation" name="test_agence_create_shipment_for_existing_client" time="0.387" /><testcase classname="tests.test_agencies_and_edit.TestAgencies" name="test_create_agency_duplicate_email" time="0.289" /><testcase classname="tests.test_agencies_and_edit.TestAgencies" name="test_non_admin_cannot_create_agency" time="0.074" /><testcase classname="tests.test_agencies_and_edit.TestStaffShipmentCreation" name="test_agence_create_shipment_for_new_client_with_account" time="0.571" /><testcase classname="tests.test_agencies_and_edit.TestStaffShipmentCreation" name="test_agence_create_shipment_for_new_client_without_account" time="0.150"><failure message="assert 500 == 401&#10; +  where 500 = &lt;Response [500]&gt;.status_code">backend/tests/test_agencies_and_edit.py:194: in test_agence_create_shipment_for_new_client_without_account
    assert rl.status_code == 401
E   assert 500 == 401
E    +  where 500 = &lt;Response [500]&gt;.status_code</failure></testcase><testcase classname="tests.test_agencies_and_edit.TestStaffShipmentCreation" name="test_client_create_self_shipment_still_works" time="0.356" /></testsuite></testsuites>