<?xml version="1.0" encoding="utf-8"?><testsuites name="pytest tests"><testsuite name="pytest" errors="0" failures="0" skipped="0" tests="66" time="18.740" timestamp="2026-06-27T19:35:11.892729+00:00" hostname="agent-env-f5afe187-6cfb-4694-aa88-f8d1eab06226"><testcase classname="tests.test_agencies_and_edit.TestAgencies" name="test_agence_role_cannot_list_agencies" time="0.663" /><testcase classname="tests.test_cargolink_api.TestShipments" name="test_create_shipment" time="0.586" /><testcase classname="tests.test_cargolink_api.TestShipments" name="test_list_shipments_client_isolation" time="0.033" /><testcase classname="tests.test_cargolink_api.TestShipments" name="test_list_shipments_admin_sees_all" time="0.545" /><testcase classname="tests.test_agencies_and_edit.TestAgencies" name="test_agent_cannot_list_agencies" time="0.560" /><testcase classname="tests.test_cargolink_api.TestShipments" name="test_track_public" time="0.090" /><testcase classname="tests.test_cargolink_api.TestShipments" name="test_track_invalid" time="0.265" /><testcase classname="tests.test_cargolink_api.TestShipments" name="test_get_shipment_owner" time="0.038" /><testcase classname="tests.test_agencies_and_edit.TestAgencies" name="test_admin_can_list_agencies" time="0.375" /><testcase classname="tests.test_cargolink_api.TestShipments" name="test_get_shipment_other_client_forbidden" time="0.600" /><testcase classname="tests.test_agencies_and_edit.TestAgencies" name="test_admin_can_create_agency_and_returned_password_works" time="0.918" /><testcase classname="tests.test_cargolink_api.TestShipments" name="test_status_update_persists_and_appears_in_track" time="0.281" /><testcase classname="tests.test_cargolink_api.TestShipments" name="test_status_update_invalid" time="0.081" /><testcase classname="tests.test_agencies_and_edit.TestAgencies" name="test_create_agency_duplicate_email" time="0.030" /><testcase classname="tests.test_cargolink_api.TestShipments" name="test_client_cannot_update_status" time="0.075" /><testcase classname="tests.test_agencies_and_edit.TestAgencies" name="test_non_admin_cannot_create_agency" time="0.060" /><testcase classname="tests.test_cargolink_api.TestAuth" name="test_register_returns_user_and_sets_cookie" time="0.571" /><testcase classname="tests.test_status_restrictions_and_management.TestEditRestrictedForAllRoles" name="test_admin_cannot_edit_in_transit" time="1.001" /><testcase classname="tests.test_cargolink_api.TestAuth" name="test_register_duplicate_email" time="0.254" /><testcase classname="tests.test_cargolink_api.TestAuth" name="test_login_admin" time="0.081" /><testcase classname="tests.test_cargolink_api.TestAuth" name="test_login_agent" time="0.579" /><testcase classname="tests.test_status_restrictions_and_management.TestEditRestrictedForAllRoles" name="test_agence_cannot_edit_in_transit" time="1.053" /><testcase classname="tests.test_cargolink_api.TestAuth" name="test_login_invalid" time="0.501" /><testcase classname="tests.test_cargolink_api.TestAuth" name="test_me_unauthenticated" time="0.125" /><testcase classname="tests.test_status_restrictions_and_management.TestEditRestrictedForAllRoles" name="test_agent_cannot_edit_in_transit" time="1.165" /><testcase classname="tests.test_agencies_and_edit.TestEditShipment" name="test_client_can_edit_when_status_demande_creee" time="1.077" /><testcase classname="tests.test_status_restrictions_and_management.TestEditRestrictedForAllRoles" name="test_client_cannot_edit_in_transit" time="0.649" /><testcase classname="tests.test_agencies_and_edit.TestEditShipment" name="test_staff_cannot_edit_when_in_transit" time="0.613" /><testcase classname="tests.test_agencies_and_edit.TestEditShipment" name="test_client_cannot_edit_when_status_advanced" time="0.074" /><testcase classname="tests.test_agencies_and_edit.TestEditShipment" name="test_other_client_cannot_edit" time="0.573" /><testcase classname="tests.test_status_restrictions_and_management.TestEditRestrictedForAllRoles" name="test_edit_allowed_in_editable_status_for_all_roles" time="0.697" /><testcase classname="tests.test_agencies_and_edit.TestEditShipment" name="test_edit_unknown_shipment_404" time="0.056" /><testcase classname="tests.test_cargolink_api.TestETicket" name="test_client_can_download_own_ticket" time="0.042" /><testcase classname="tests.test_cargolink_api.TestETicket" name="test_admin_can_download_any_ticket" time="0.082" /><testcase classname="tests.test_status_restrictions_and_management.TestEditRestrictedForAllRoles" name="test_edit_after_cancel_is_forbidden" time="0.455" /><testcase classname="tests.test_cargolink_api.TestETicket" name="test_agent_can_download_any_ticket" time="0.290" /><testcase classname="tests.test_cargolink_api.TestETicket" name="test_other_client_cannot_download_ticket" time="0.553" /><testcase classname="tests.test_cargolink_api.TestETicket" name="test_ticket_requires_auth" time="0.323" /><testcase classname="tests.test_cargolink_api.TestClientsDashboard" name="test_list_clients_staff" time="0.850" /><testcase classname="tests.test_cargolink_api.TestClientsDashboard" name="test_list_clients_forbidden_for_client" time="0.236" /><testcase classname="tests.test_cargolink_api.TestClientsDashboard" name="test_client_detail" time="0.294" /><testcase classname="tests.test_cargolink_api.TestClientsDashboard" name="test_dashboard_stats" time="0.082" /><testcase classname="tests.test_agencies_and_edit.TestStaffShipmentCreation" name="test_agence_create_shipment_for_existing_client" time="1.256" /><testcase classname="tests.test_cargolink_api.TestClientsDashboard" name="test_dashboard_forbidden_for_client" time="0.034" /><testcase classname="tests.test_cargolink_api.TestScanner" name="test_scan_lookup_staff" time="0.530" /><testcase classname="tests.test_agencies_and_edit.TestStaffShipmentCreation" name="test_agence_create_shipment_for_new_client_with_account" time="0.572" /><testcase classname="tests.test_cargolink_api.TestScanner" name="test_scan_lookup_forbidden_for_client" time="0.033" /><testcase classname="tests.test_cargolink_api.TestScanner" name="test_scan_update_status" time="0.537" /><testcase classname="tests.test_agencies_and_edit.TestStaffShipmentCreation" name="test_agence_create_shipment_for_new_client_without_account" time="0.428" /><testcase classname="tests.test_cargolink_api.TestScanner" name="test_scan_lookup_unknown" time="0.077" /><testcase classname="tests.test_status_restrictions_and_management.TestCancelShipment" name="test_client_can_cancel_own_shipment_demande_creee" time="0.447" /><testcase classname="tests.test_agencies_and_edit.TestStaffShipmentCreation" name="test_client_create_self_shipment_still_works" time="0.573" /><testcase classname="tests.test_status_restrictions_and_management.TestCancelShipment" name="test_agence_can_cancel_any_shipment_in_editable_status" time="1.049" /><testcase classname="tests.test_status_restrictions_and_management.TestClientManagement" name="test_agence_can_update_and_delete_client" time="1.534" /><testcase classname="tests.test_status_restrictions_and_management.TestCancelShipment" name="test_cancel_fails_when_status_advanced" time="1.288" /><testcase classname="tests.test_status_restrictions_and_management.TestClientManagement" name="test_admin_can_update_and_delete_client" time="1.003" /><testcase classname="tests.test_status_restrictions_and_management.TestCancelShipment" name="test_other_client_cannot_cancel" time="1.129" /><testcase classname="tests.test_status_restrictions_and_management.TestClientManagement" name="test_client_cannot_update_or_delete_other_client" time="1.292" /><testcase classname="tests.test_detail_pages_and_delete.TestAgencyDetailAndDelete" name="test_admin_can_get_agency_by_id_and_delete_flow" time="1.136" /><testcase classname="tests.test_status_restrictions_and_management.TestClientManagement" name="test_update_client_duplicate_email_returns_400" time="0.382" /><testcase classname="tests.test_detail_pages_and_delete.TestAgencyDetailAndDelete" name="test_agence_role_forbidden_on_agency_endpoints" time="1.020" /><testcase classname="tests.test_detail_pages_and_delete.TestClientDetailAndDelete" name="test_client_detail_and_delete_flow" time="0.891" /><testcase classname="tests.test_detail_pages_and_delete.TestClientDetailAndDelete" name="test_admin_can_also_delete_client" time="0.888" /><testcase classname="tests.test_status_restrictions_and_management.TestAgencyManagement" name="test_agence_cannot_update_or_delete_agency" time="1.280" /><testcase classname="tests.test_cargolink_api.TestEstimate" name="test_estimate_public" time="0.249" /><testcase classname="tests.test_status_restrictions_and_management.TestAgencyManagement" name="test_admin_can_update_and_delete_agency" time="0.514" /></testsuite></testsuites>