<?xml version="1.0" encoding="utf-8"?><testsuites name="pytest tests"><testsuite name="pytest" errors="0" failures="0" skipped="0" tests="16" time="7.750" timestamp="2026-06-27T19:17:53.360000+00:00" hostname="agent-env-f5afe187-6cfb-4694-aa88-f8d1eab06226"><testcase classname="tests.test_status_restrictions_and_management.TestCancelShipment" name="test_client_can_cancel_own_shipment_demande_creee" time="0.880" /><testcase classname="tests.test_status_restrictions_and_management.TestEditRestrictedForAllRoles" name="test_admin_cannot_edit_in_transit" time="0.955" /><testcase classname="tests.test_status_restrictions_and_management.TestCancelShipment" name="test_agence_can_cancel_any_shipment_in_editable_status" time="1.083" /><testcase classname="tests.test_status_restrictions_and_management.TestEditRestrictedForAllRoles" name="test_agence_cannot_edit_in_transit" time="1.320" /><testcase classname="tests.test_status_restrictions_and_management.TestCancelShipment" name="test_cancel_fails_when_status_advanced" time="1.265" /><testcase classname="tests.test_status_restrictions_and_management.TestEditRestrictedForAllRoles" name="test_agent_cannot_edit_in_transit" time="1.337" /><testcase classname="tests.test_status_restrictions_and_management.TestCancelShipment" name="test_other_client_cannot_cancel" time="0.960" /><testcase classname="tests.test_status_restrictions_and_management.TestEditRestrictedForAllRoles" name="test_client_cannot_edit_in_transit" time="0.923" /><testcase classname="tests.test_status_restrictions_and_management.TestClientManagement" name="test_agence_can_update_and_delete_client" time="0.747" /><testcase classname="tests.test_status_restrictions_and_management.TestEditRestrictedForAllRoles" name="test_edit_allowed_in_editable_status_for_all_roles" time="0.457" /><testcase classname="tests.test_status_restrictions_and_management.TestClientManagement" name="test_admin_can_update_and_delete_client" time="0.627" /><testcase classname="tests.test_status_restrictions_and_management.TestEditRestrictedForAllRoles" name="test_edit_after_cancel_is_forbidden" time="0.647" /><testcase classname="tests.test_status_restrictions_and_management.TestClientManagement" name="test_client_cannot_update_or_delete_other_client" time="0.889" /><testcase classname="tests.test_status_restrictions_and_management.TestAgencyManagement" name="test_agence_cannot_update_or_delete_agency" time="0.932" /><testcase classname="tests.test_status_restrictions_and_management.TestClientManagement" name="test_update_client_duplicate_email_returns_400" time="0.575" /><testcase classname="tests.test_status_restrictions_and_management.TestAgencyManagement" name="test_admin_can_update_and_delete_agency" time="0.649" /></testsuite></testsuites>