<?xml version="1.0" encoding="utf-8"?><testsuites name="pytest tests"><testsuite name="pytest" errors="0" failures="0" skipped="0" tests="4" time="2.682" timestamp="2026-06-27T19:35:02.123588+00:00" hostname="agent-env-f5afe187-6cfb-4694-aa88-f8d1eab06226"><testcase classname="tests.test_detail_pages_and_delete.TestAgencyDetailAndDelete" name="test_admin_can_get_agency_by_id_and_delete_flow" time="1.117" /><testcase classname="tests.test_detail_pages_and_delete.TestClientDetailAndDelete" name="test_client_detail_and_delete_flow" time="1.009" /><testcase classname="tests.test_detail_pages_and_delete.TestClientDetailAndDelete" name="test_admin_can_also_delete_client" time="0.905" /><testcase classname="tests.test_detail_pages_and_delete.TestAgencyDetailAndDelete" name="test_agence_role_forbidden_on_agency_endpoints" time="1.062" /></testsuite></testsuites>