<?xml version="1.0" encoding="utf-8"?><testsuites name="pytest tests"><testsuite name="pytest" errors="0" failures="1" skipped="0" tests="31" time="4.602" timestamp="2026-06-27T17:11:15.241920+00:00" hostname="agent-env-f5afe187-6cfb-4694-aa88-f8d1eab06226"><testcase classname="tests.test_cargolink_api.TestAuth" name="test_register_returns_user_and_sets_cookie" time="0.765"><failure message="AssertionError: assert 'test_reg_kauma01a@test.com' == 'TEST_reg_kauma01a@test.com'&#10;  &#10;  - TEST_reg_kauma01a@test.com&#10;  ? ^^^^&#10;  + test_reg_kauma01a@test.com&#10;  ? ^^^^">backend/tests/test_cargolink_api.py:98: in test_register_returns_user_and_sets_cookie
    assert body["email"] == payload["email"]
E   AssertionError: assert 'test_reg_kauma01a@test.com' == 'TEST_reg_kauma01a@test.com'
E     
E     - TEST_reg_kauma01a@test.com
E     ? ^^^^
E     + test_reg_kauma01a@test.com
E     ? ^^^^</failure></testcase><testcase classname="tests.test_cargolink_api.TestShipments" name="test_create_shipment" time="0.815" /><testcase classname="tests.test_cargolink_api.TestShipments" name="test_list_shipments_client_isolation" time="0.041" /><testcase classname="tests.test_cargolink_api.TestAuth" name="test_register_duplicate_email" time="0.584" /><testcase classname="tests.test_cargolink_api.TestShipments" name="test_list_shipments_admin_sees_all" time="0.557" /><testcase classname="tests.test_cargolink_api.TestShipments" name="test_track_public" time="0.295" /><testcase classname="tests.test_cargolink_api.TestAuth" name="test_login_admin" time="0.402" /><testcase classname="tests.test_cargolink_api.TestShipments" name="test_track_invalid" time="0.091" /><testcase classname="tests.test_cargolink_api.TestShipments" name="test_get_shipment_owner" time="0.035" /><testcase classname="tests.test_cargolink_api.TestShipments" name="test_get_shipment_other_client_forbidden" time="0.548" /><testcase classname="tests.test_cargolink_api.TestAuth" name="test_login_agent" time="0.608" /><testcase classname="tests.test_cargolink_api.TestShipments" name="test_status_update_persists_and_appears_in_track" time="0.338" /><testcase classname="tests.test_cargolink_api.TestAuth" name="test_login_invalid" time="0.327" /><testcase classname="tests.test_cargolink_api.TestAuth" name="test_me_unauthenticated" time="0.129" /><testcase classname="tests.test_cargolink_api.TestShipments" name="test_status_update_invalid" time="0.073" /><testcase classname="tests.test_cargolink_api.TestShipments" name="test_client_cannot_update_status" time="0.075" /><testcase classname="tests.test_cargolink_api.TestClientsDashboard" name="test_list_clients_staff" time="0.035" /><testcase classname="tests.test_cargolink_api.TestETicket" name="test_client_can_download_own_ticket" time="0.096" /><testcase classname="tests.test_cargolink_api.TestClientsDashboard" name="test_list_clients_forbidden_for_client" time="0.074" /><testcase classname="tests.test_cargolink_api.TestETicket" name="test_admin_can_download_any_ticket" time="0.047" /><testcase classname="tests.test_cargolink_api.TestClientsDashboard" name="test_client_detail" time="0.041" /><testcase classname="tests.test_cargolink_api.TestETicket" name="test_agent_can_download_any_ticket" time="0.046" /><testcase classname="tests.test_cargolink_api.TestClientsDashboard" name="test_dashboard_stats" time="0.086" /><testcase classname="tests.test_cargolink_api.TestETicket" name="test_other_client_cannot_download_ticket" time="0.433" /><testcase classname="tests.test_cargolink_api.TestClientsDashboard" name="test_dashboard_forbidden_for_client" time="0.236" /><testcase classname="tests.test_cargolink_api.TestETicket" name="test_ticket_requires_auth" time="0.214" /><testcase classname="tests.test_cargolink_api.TestScanner" name="test_scan_lookup_staff" time="0.370" /><testcase classname="tests.test_cargolink_api.TestEstimate" name="test_estimate_public" time="0.074" /><testcase classname="tests.test_cargolink_api.TestScanner" name="test_scan_lookup_forbidden_for_client" time="0.072" /><testcase classname="tests.test_cargolink_api.TestScanner" name="test_scan_update_status" time="0.126" /><testcase classname="tests.test_cargolink_api.TestScanner" name="test_scan_lookup_unknown" time="0.032" /></testsuite></testsuites>